<?xml version="1.0" encoding="UTF-8"?>
<!-- Generated by org.testng.reporters.JUnitReportReporter -->
<testsuite skipped="0" hostname="Kritis-MacBook-Pro.local" name="Test.AddContactTest" tests="1" failures="0" timestamp="2020-04-03T23:29:29 MDT" time="19.969" errors="0">
  <testcase name="AddingContact" time="19.969" classname="Test.AddContactTest"/>
  <system-out/>
</testsuite> <!-- Test.AddContactTest -->
